# JRE version: Java(TM) SE Runtime Environment (21.0.2+13) (build 21.0.2+13-LTS-58)
# Java VM: Java HotSpot(TM) 64-Bit Server VM (21.0.2+13-LTS-58, mixed mode, emulated-client, sharing, tiered, compressed oops, compressed class ptrs, g1 gc, windows-amd64)
GC Precious Log:
 CardTable entry size: 512
 Card Set container configuration: InlinePtr #cards 5 size 8 Array Of Cards #cards 12 size 40 Howl #buckets 4 coarsen threshold 1843 Howl Bitmap #cards 512 size 80 coarsen threshold 460 Card regions per heap region 1 cards per card region 2048
 CPUs: 4 total, 4 available
 Memory: 3984M
 Large Page Support: Disabled
 NUMA Support: Disabled
 Compressed Oops: Enabled (32-bit)
 Heap Region Size: 1M
 Heap Min Capacity: 8M
 Heap Initial Capacity: 64M
 Heap Max Capacity: 998M
 Pre-touch: Disabled
 Parallel Workers: 4
 Concurrent Workers: 1
 Concurrent Refinement Workers: 4
 Periodic GC: Disabled
Heap:
 garbage-first heap   total 65536K, used 42577K [0x00000000c1a00000, 0x0000000100000000)
  region size 1024K, 37 young (37888K), 3 survivors (3072K)
 Metaspace       used 17476K, committed 17728K, reserved 1114112K
  class space    used 2395K, committed 2496K, reserved 1048576K
GC Heap History (6 events):
Event: 2.738 GC heap before
{Heap before GC invocations=0 (full 0):
 garbage-first heap   total 65536K, used 14336K [0x00000000c1a00000, 0x0000000100000000)
  region size 1024K, 13 young (13312K), 0 survivors (0K)
 Metaspace       used 3288K, committed 3456K, reserved 1114112K
  class space    used 374K, committed 448K, reserved 1048576K
}
Event: 2.805 GC heap after
{Heap after GC invocations=1 (full 0):
 garbage-first heap   total 65536K, used 6912K [0x00000000c1a00000, 0x0000000100000000)
  region size 1024K, 2 young (2048K), 2 survivors (2048K)
 Metaspace       used 3288K, committed 3456K, reserved 1114112K
  class space    used 374K, committed 448K, reserved 1048576K
}
Event: 5.431 GC heap before
{Heap before GC invocations=1 (full 0):
 garbage-first heap   total 65536K, used 18176K [0x00000000c1a00000, 0x0000000100000000)
  region size 1024K, 13 young (13312K), 2 survivors (2048K)
 Metaspace       used 7305K, committed 7552K, reserved 1114112K
  class space    used 898K, committed 1024K, reserved 1048576K
}
Event: 5.443 GC heap after
{Heap after GC invocations=2 (full 0):
 garbage-first heap   total 65536K, used 8213K [0x00000000c1a00000, 0x0000000100000000)
  region size 1024K, 2 young (2048K), 2 survivors (2048K)
 Metaspace       used 7305K, committed 7552K, reserved 1114112K
  class space    used 898K, committed 1024K, reserved 1048576K
}
Event: 9.576 GC heap before
{Heap before GC invocations=2 (full 0):
 garbage-first heap   total 65536K, used 31765K [0x00000000c1a00000, 0x0000000100000000)
  region size 1024K, 25 young (25600K), 2 survivors (2048K)
 Metaspace       used 12200K, committed 12480K, reserved 1114112K
  class space    used 1641K, committed 1792K, reserved 1048576K
}
Event: 9.583 GC heap after
{Heap after GC invocations=3 (full 0):
 garbage-first heap   total 65536K, used 9809K [0x00000000c1a00000, 0x0000000100000000)
  region size 1024K, 3 young (3072K), 3 survivors (3072K)
 Metaspace       used 12200K, committed 12480K, reserved 1114112K
  class space    used 1641K, committed 1792K, reserved 1048576K
}

