# JRE version: Java(TM) SE Runtime Environment (21.0.2+13) (build 21.0.2+13-LTS-58)
# Java VM: Java HotSpot(TM) 64-Bit Server VM (21.0.2+13-LTS-58, mixed mode, emulated-client, sharing, tiered, compressed oops, compressed class ptrs, g1 gc, windows-amd64)
GC Precious Log:
 CardTable entry size: 512
 Card Set container configuration: InlinePtr #cards 5 size 8 Array Of Cards #cards 12 size 40 Howl #buckets 4 coarsen threshold 1843 Howl Bitmap #cards 512 size 80 coarsen threshold 460 Card regions per heap region 1 cards per card region 2048
 CPUs: 4 total, 4 available
 Memory: 3984M
 Large Page Support: Disabled
 NUMA Support: Disabled
 Compressed Oops: Enabled (32-bit)
 Heap Region Size: 1M
 Heap Min Capacity: 8M
 Heap Initial Capacity: 64M
 Heap Max Capacity: 998M
 Pre-touch: Disabled
 Parallel Workers: 4
 Concurrent Workers: 1
 Concurrent Refinement Workers: 4
 Periodic GC: Disabled
Heap:
 garbage-first heap   total 61440K, used 46151K [0x00000000c1a00000, 0x0000000100000000)
  region size 1024K, 28 young (28672K), 1 survivors (1024K)
 Metaspace       used 42665K, committed 43136K, reserved 1114112K
  class space    used 5941K, committed 6144K, reserved 1048576K
GC Heap History (18 events):
Event: 2.627 GC heap before
{Heap before GC invocations=0 (full 0):
 garbage-first heap   total 65536K, used 13312K [0x00000000c1a00000, 0x0000000100000000)
  region size 1024K, 13 young (13312K), 0 survivors (0K)
 Metaspace       used 4114K, committed 4224K, reserved 1114112K
  class space    used 478K, committed 512K, reserved 1048576K
}
Event: 2.642 GC heap after
{Heap after GC invocations=1 (full 0):
 garbage-first heap   total 65536K, used 6472K [0x00000000c1a00000, 0x0000000100000000)
  region size 1024K, 2 young (2048K), 2 survivors (2048K)
 Metaspace       used 4114K, committed 4224K, reserved 1114112K
  class space    used 478K, committed 512K, reserved 1048576K
}
Event: 3.560 GC heap before
{Heap before GC invocations=1 (full 0):
 garbage-first heap   total 65536K, used 19784K [0x00000000c1a00000, 0x0000000100000000)
  region size 1024K, 15 young (15360K), 2 survivors (2048K)
 Metaspace       used 8684K, committed 8896K, reserved 1114112K
  class space    used 1067K, committed 1152K, reserved 1048576K
}
Event: 3.570 GC heap after
{Heap after GC invocations=2 (full 0):
 garbage-first heap   total 65536K, used 7946K [0x00000000c1a00000, 0x0000000100000000)
  region size 1024K, 2 young (2048K), 2 survivors (2048K)
 Metaspace       used 8684K, committed 8896K, reserved 1114112K
  class space    used 1067K, committed 1152K, reserved 1048576K
}
Event: 4.666 GC heap before
{Heap before GC invocations=2 (full 0):
 garbage-first heap   total 65536K, used 30474K [0x00000000c1a00000, 0x0000000100000000)
  region size 1024K, 25 young (25600K), 2 survivors (2048K)
 Metaspace       used 14092K, committed 14400K, reserved 1114112K
  class space    used 1907K, committed 2048K, reserved 1048576K
}
Event: 4.673 GC heap after
{Heap after GC invocations=3 (full 0):
 garbage-first heap   total 65536K, used 9978K [0x00000000c1a00000, 0x0000000100000000)
  region size 1024K, 4 young (4096K), 4 survivors (4096K)
 Metaspace       used 14092K, committed 14400K, reserved 1114112K
  class space    used 1907K, committed 2048K, reserved 1048576K
}
Event: 5.656 GC heap before
{Heap before GC invocations=3 (full 0):
 garbage-first heap   total 65536K, used 43770K [0x00000000c1a00000, 0x0000000100000000)
  region size 1024K, 38 young (38912K), 4 survivors (4096K)
 Metaspace       used 20958K, committed 21248K, reserved 1114112K
  class space    used 2790K, committed 2944K, reserved 1048576K
}
Event: 5.667 GC heap after
{Heap after GC invocations=4 (full 0):
 garbage-first heap   total 65536K, used 13047K [0x00000000c1a00000, 0x0000000100000000)
  region size 1024K, 5 young (5120K), 5 survivors (5120K)
 Metaspace       used 20958K, committed 21248K, reserved 1114112K
  class space    used 2790K, committed 2944K, reserved 1048576K
}
Event: 5.702 GC heap before
{Heap before GC invocations=4 (full 0):
 garbage-first heap   total 65536K, used 14071K [0x00000000c1a00000, 0x0000000100000000)
  region size 1024K, 7 young (7168K), 5 survivors (5120K)
 Metaspace       used 21195K, committed 21504K, reserved 1114112K
  class space    used 2830K, committed 3008K, reserved 1048576K
}
Event: 5.711 GC heap after
{Heap after GC invocations=5 (full 0):
 garbage-first heap   total 65536K, used 13707K [0x00000000c1a00000, 0x0000000100000000)
  region size 1024K, 1 young (1024K), 1 survivors (1024K)
 Metaspace       used 21195K, committed 21504K, reserved 1114112K
  class space    used 2830K, committed 3008K, reserved 1048576K
}
Event: 7.145 GC heap before
{Heap before GC invocations=6 (full 0):
 garbage-first heap   total 51200K, used 43403K [0x00000000c1a00000, 0x0000000100000000)
  region size 1024K, 30 young (30720K), 1 survivors (1024K)
 Metaspace       used 24688K, committed 25024K, reserved 1114112K
  class space    used 3388K, committed 3520K, reserved 1048576K
}
Event: 7.152 GC heap after
{Heap after GC invocations=7 (full 0):
 garbage-first heap   total 51200K, used 15698K [0x00000000c1a00000, 0x0000000100000000)
  region size 1024K, 3 young (3072K), 3 survivors (3072K)
 Metaspace       used 24688K, committed 25024K, reserved 1114112K
  class space    used 3388K, committed 3520K, reserved 1048576K
}
Event: 8.724 GC heap before
{Heap before GC invocations=7 (full 0):
 garbage-first heap   total 51200K, used 41298K [0x00000000c1a00000, 0x0000000100000000)
  region size 1024K, 28 young (28672K), 3 survivors (3072K)
 Metaspace       used 29017K, committed 29504K, reserved 1114112K
  class space    used 4043K, committed 4288K, reserved 1048576K
}
Event: 8.744 GC heap after
{Heap after GC invocations=8 (full 0):
 garbage-first heap   total 51200K, used 17757K [0x00000000c1a00000, 0x0000000100000000)
  region size 1024K, 3 young (3072K), 3 survivors (3072K)
 Metaspace       used 29017K, committed 29504K, reserved 1114112K
  class space    used 4043K, committed 4288K, reserved 1048576K
}
Event: 10.218 GC heap before
{Heap before GC invocations=8 (full 0):
 garbage-first heap   total 51200K, used 41309K [0x00000000c1a00000, 0x0000000100000000)
  region size 1024K, 27 young (27648K), 3 survivors (3072K)
 Metaspace       used 33385K, committed 33984K, reserved 1114112K
  class space    used 4635K, committed 4928K, reserved 1048576K
}
Event: 10.237 GC heap after
{Heap after GC invocations=9 (full 0):
 garbage-first heap   total 51200K, used 19898K [0x00000000c1a00000, 0x0000000100000000)
  region size 1024K, 2 young (2048K), 2 survivors (2048K)
 Metaspace       used 33385K, committed 33984K, reserved 1114112K
  class space    used 4635K, committed 4928K, reserved 1048576K
}
Event: 10.787 GC heap before
{Heap before GC invocations=9 (full 0):
 garbage-first heap   total 51200K, used 27066K [0x00000000c1a00000, 0x0000000100000000)
  region size 1024K, 10 young (10240K), 2 survivors (2048K)
 Metaspace       used 35435K, committed 35968K, reserved 1114112K
  class space    used 4978K, committed 5248K, reserved 1048576K
}
Event: 10.797 GC heap after
{Heap after GC invocations=10 (full 0):
 garbage-first heap   total 61440K, used 20551K [0x00000000c1a00000, 0x0000000100000000)
  region size 1024K, 1 young (1024K), 1 survivors (1024K)
 Metaspace       used 35435K, committed 35968K, reserved 1114112K
  class space    used 4978K, committed 5248K, reserved 1048576K
}

