# JRE version: Java(TM) SE Runtime Environment (21.0.2+13) (build 21.0.2+13-LTS-58)
# Java VM: Java HotSpot(TM) 64-Bit Server VM (21.0.2+13-LTS-58, mixed mode, emulated-client, sharing, tiered, compressed oops, compressed class ptrs, g1 gc, windows-amd64)
GC Precious Log:
 CardTable entry size: 512
 Card Set container configuration: InlinePtr #cards 5 size 8 Array Of Cards #cards 12 size 40 Howl #buckets 4 coarsen threshold 1843 Howl Bitmap #cards 512 size 80 coarsen threshold 460 Card regions per heap region 1 cards per card region 2048
 CPUs: 4 total, 4 available
 Memory: 3984M
 Large Page Support: Disabled
 NUMA Support: Disabled
 Compressed Oops: Enabled (32-bit)
 Heap Region Size: 1M
 Heap Min Capacity: 8M
 Heap Initial Capacity: 64M
 Heap Max Capacity: 998M
 Pre-touch: Disabled
 Parallel Workers: 4
 Concurrent Workers: 1
 Concurrent Refinement Workers: 4
 Periodic GC: Disabled
Heap:
 garbage-first heap   total 48128K, used 19795K [0x00000000c1a00000, 0x0000000100000000)
  region size 1024K, 2 young (2048K), 2 survivors (2048K)
 Metaspace       used 35574K, committed 36096K, reserved 1114112K
  class space    used 5005K, committed 5248K, reserved 1048576K
GC Heap History (17 events):
Event: 3.066 GC heap before
{Heap before GC invocations=0 (full 0):
 garbage-first heap   total 65536K, used 13312K [0x00000000c1a00000, 0x0000000100000000)
  region size 1024K, 13 young (13312K), 0 survivors (0K)
 Metaspace       used 4189K, committed 4352K, reserved 1114112K
  class space    used 492K, committed 576K, reserved 1048576K
}
Event: 3.089 GC heap after
{Heap after GC invocations=1 (full 0):
 garbage-first heap   total 65536K, used 6104K [0x00000000c1a00000, 0x0000000100000000)
  region size 1024K, 2 young (2048K), 2 survivors (2048K)
 Metaspace       used 4189K, committed 4352K, reserved 1114112K
  class space    used 492K, committed 576K, reserved 1048576K
}
Event: 5.160 GC heap before
{Heap before GC invocations=1 (full 0):
 garbage-first heap   total 65536K, used 18392K [0x00000000c1a00000, 0x0000000100000000)
  region size 1024K, 14 young (14336K), 2 survivors (2048K)
 Metaspace       used 8537K, committed 8832K, reserved 1114112K
  class space    used 1062K, committed 1216K, reserved 1048576K
}
Event: 5.171 GC heap after
{Heap after GC invocations=2 (full 0):
 garbage-first heap   total 65536K, used 7352K [0x00000000c1a00000, 0x0000000100000000)
  region size 1024K, 2 young (2048K), 2 survivors (2048K)
 Metaspace       used 8537K, committed 8832K, reserved 1114112K
  class space    used 1062K, committed 1216K, reserved 1048576K
}
Event: 6.612 GC heap before
{Heap before GC invocations=2 (full 0):
 garbage-first heap   total 65536K, used 30904K [0x00000000c1a00000, 0x0000000100000000)
  region size 1024K, 26 young (26624K), 2 survivors (2048K)
 Metaspace       used 13847K, committed 14080K, reserved 1114112K
  class space    used 1915K, committed 2048K, reserved 1048576K
}
Event: 6.623 GC heap after
{Heap after GC invocations=3 (full 0):
 garbage-first heap   total 65536K, used 9604K [0x00000000c1a00000, 0x0000000100000000)
  region size 1024K, 4 young (4096K), 4 survivors (4096K)
 Metaspace       used 13847K, committed 14080K, reserved 1114112K
  class space    used 1915K, committed 2048K, reserved 1048576K
}
Event: 8.178 GC heap before
{Heap before GC invocations=3 (full 0):
 garbage-first heap   total 65536K, used 42372K [0x00000000c1a00000, 0x0000000100000000)
  region size 1024K, 38 young (38912K), 4 survivors (4096K)
 Metaspace       used 21203K, committed 21504K, reserved 1114112K
  class space    used 2840K, committed 3008K, reserved 1048576K
}
Event: 8.193 GC heap after
{Heap after GC invocations=4 (full 0):
 garbage-first heap   total 65536K, used 12503K [0x00000000c1a00000, 0x0000000100000000)
  region size 1024K, 5 young (5120K), 5 survivors (5120K)
 Metaspace       used 21203K, committed 21504K, reserved 1114112K
  class space    used 2840K, committed 3008K, reserved 1048576K
}
Event: 9.564 GC heap before
{Heap before GC invocations=5 (full 0):
 garbage-first heap   total 48128K, used 35031K [0x00000000c1a00000, 0x0000000100000000)
  region size 1024K, 28 young (28672K), 5 survivors (5120K)
 Metaspace       used 23835K, committed 24128K, reserved 1114112K
  class space    used 3245K, committed 3392K, reserved 1048576K
}
Event: 9.580 GC heap after
{Heap after GC invocations=6 (full 0):
 garbage-first heap   total 48128K, used 14602K [0x00000000c1a00000, 0x0000000100000000)
  region size 1024K, 3 young (3072K), 3 survivors (3072K)
 Metaspace       used 23835K, committed 24128K, reserved 1114112K
  class space    used 3245K, committed 3392K, reserved 1048576K
}
Event: 10.659 GC heap before
{Heap before GC invocations=6 (full 0):
 garbage-first heap   total 48128K, used 36106K [0x00000000c1a00000, 0x0000000100000000)
  region size 1024K, 24 young (24576K), 3 survivors (3072K)
 Metaspace       used 27368K, committed 27904K, reserved 1114112K
  class space    used 3813K, committed 4032K, reserved 1048576K
}
Event: 10.675 GC heap after
{Heap after GC invocations=7 (full 0):
 garbage-first heap   total 48128K, used 16317K [0x00000000c1a00000, 0x0000000100000000)
  region size 1024K, 3 young (3072K), 3 survivors (3072K)
 Metaspace       used 27368K, committed 27904K, reserved 1114112K
  class space    used 3813K, committed 4032K, reserved 1048576K
}
Event: 11.835 GC heap before
{Heap before GC invocations=7 (full 0):
 garbage-first heap   total 48128K, used 37821K [0x00000000c1a00000, 0x0000000100000000)
  region size 1024K, 24 young (24576K), 3 survivors (3072K)
 Metaspace       used 30779K, committed 31360K, reserved 1114112K
  class space    used 4276K, committed 4544K, reserved 1048576K
}
Event: 11.854 GC heap after
{Heap after GC invocations=8 (full 0):
 garbage-first heap   total 48128K, used 18778K [0x00000000c1a00000, 0x0000000100000000)
  region size 1024K, 3 young (3072K), 3 survivors (3072K)
 Metaspace       used 30779K, committed 31360K, reserved 1114112K
  class space    used 4276K, committed 4544K, reserved 1048576K
}
Event: 13.009 GC heap before
{Heap before GC invocations=8 (full 0):
 garbage-first heap   total 48128K, used 39258K [0x00000000c1a00000, 0x0000000100000000)
  region size 1024K, 23 young (23552K), 3 survivors (3072K)
 Metaspace       used 35121K, committed 35712K, reserved 1114112K
  class space    used 4942K, committed 5248K, reserved 1048576K
}
Event: 13.022 GC heap after
{Heap after GC invocations=9 (full 0):
 garbage-first heap   total 48128K, used 19891K [0x00000000c1a00000, 0x0000000100000000)
  region size 1024K, 2 young (2048K), 2 survivors (2048K)
 Metaspace       used 35121K, committed 35712K, reserved 1114112K
  class space    used 4942K, committed 5248K, reserved 1048576K
}
Event: 13.076 GC heap before
{Heap before GC invocations=9 (full 0):
 garbage-first heap   total 48128K, used 20915K [0x00000000c1a00000, 0x0000000100000000)
  region size 1024K, 4 young (4096K), 2 survivors (2048K)
 Metaspace       used 35574K, committed 36096K, reserved 1114112K
  class space    used 5005K, committed 5248K, reserved 1048576K
}

