# JRE version: Java(TM) SE Runtime Environment (21.0.2+13) (build 21.0.2+13-LTS-58)
# Java VM: Java HotSpot(TM) 64-Bit Server VM (21.0.2+13-LTS-58, mixed mode, emulated-client, sharing, tiered, compressed oops, compressed class ptrs, g1 gc, windows-amd64)
GC Precious Log:
 CardTable entry size: 512
 Card Set container configuration: InlinePtr #cards 5 size 8 Array Of Cards #cards 12 size 40 Howl #buckets 4 coarsen threshold 1843 Howl Bitmap #cards 512 size 80 coarsen threshold 460 Card regions per heap region 1 cards per card region 2048
 CPUs: 4 total, 4 available
 Memory: 3984M
 Large Page Support: Disabled
 NUMA Support: Disabled
 Compressed Oops: Enabled (32-bit)
 Heap Region Size: 1M
 Heap Min Capacity: 8M
 Heap Initial Capacity: 64M
 Heap Max Capacity: 998M
 Pre-touch: Disabled
 Parallel Workers: 4
 Concurrent Workers: 1
 Concurrent Refinement Workers: 4
 Periodic GC: Disabled
Heap:
 garbage-first heap   total 78848K, used 47372K [0x00000000c1a00000, 0x0000000100000000)
  region size 1024K, 4 young (4096K), 2 survivors (2048K)
 Metaspace       used 75448K, committed 76288K, reserved 1179648K
  class space    used 10866K, committed 11264K, reserved 1048576K
GC Heap History (20 events):
Event: 16.709 GC heap before
{Heap before GC invocations=11 (full 0):
 garbage-first heap   total 78848K, used 68171K [0x00000000c1a00000, 0x0000000100000000)
  region size 1024K, 45 young (46080K), 5 survivors (5120K)
 Metaspace       used 39042K, committed 39680K, reserved 1114112K
  class space    used 5541K, committed 5824K, reserved 1048576K
}
Event: 16.723 GC heap after
{Heap after GC invocations=12 (full 0):
 garbage-first heap   total 78848K, used 28580K [0x00000000c1a00000, 0x0000000100000000)
  region size 1024K, 5 young (5120K), 5 survivors (5120K)
 Metaspace       used 39042K, committed 39680K, reserved 1114112K
  class space    used 5541K, committed 5824K, reserved 1048576K
}
Event: 18.742 GC heap before
{Heap before GC invocations=12 (full 0):
 garbage-first heap   total 78848K, used 66468K [0x00000000c1a00000, 0x0000000100000000)
  region size 1024K, 43 young (44032K), 5 survivors (5120K)
 Metaspace       used 48704K, committed 49344K, reserved 1114112K
  class space    used 6912K, committed 7232K, reserved 1048576K
}
Event: 18.756 GC heap after
{Heap after GC invocations=13 (full 0):
 garbage-first heap   total 78848K, used 30810K [0x00000000c1a00000, 0x0000000100000000)
  region size 1024K, 6 young (6144K), 6 survivors (6144K)
 Metaspace       used 48704K, committed 49344K, reserved 1114112K
  class space    used 6912K, committed 7232K, reserved 1048576K
}
Event: 20.817 GC heap before
{Heap before GC invocations=13 (full 0):
 garbage-first heap   total 78848K, used 65626K [0x00000000c1a00000, 0x0000000100000000)
  region size 1024K, 41 young (41984K), 6 survivors (6144K)
 Metaspace       used 57986K, committed 58624K, reserved 1114112K
  class space    used 8305K, committed 8576K, reserved 1048576K
}
Event: 20.829 GC heap after
{Heap after GC invocations=14 (full 0):
 garbage-first heap   total 78848K, used 32982K [0x00000000c1a00000, 0x0000000100000000)
  region size 1024K, 5 young (5120K), 5 survivors (5120K)
 Metaspace       used 57986K, committed 58624K, reserved 1114112K
  class space    used 8305K, committed 8576K, reserved 1048576K
}
Event: 21.470 GC heap before
{Heap before GC invocations=14 (full 0):
 garbage-first heap   total 78848K, used 40150K [0x00000000c1a00000, 0x0000000100000000)
  region size 1024K, 13 young (13312K), 5 survivors (5120K)
 Metaspace       used 59816K, committed 60480K, reserved 1114112K
  class space    used 8621K, committed 8896K, reserved 1048576K
}
Event: 21.478 GC heap after
{Heap after GC invocations=15 (full 0):
 garbage-first heap   total 78848K, used 33546K [0x00000000c1a00000, 0x0000000100000000)
  region size 1024K, 3 young (3072K), 3 survivors (3072K)
 Metaspace       used 59816K, committed 60480K, reserved 1114112K
  class space    used 8621K, committed 8896K, reserved 1048576K
}
Event: 23.362 GC heap before
{Heap before GC invocations=16 (full 0):
 garbage-first heap   total 78848K, used 69386K [0x00000000c1a00000, 0x0000000100000000)
  region size 1024K, 38 young (38912K), 3 survivors (3072K)
 Metaspace       used 64837K, committed 65600K, reserved 1114112K
  class space    used 9333K, committed 9664K, reserved 1048576K
}
Event: 23.375 GC heap after
{Heap after GC invocations=17 (full 0):
 garbage-first heap   total 78848K, used 35959K [0x00000000c1a00000, 0x0000000100000000)
  region size 1024K, 5 young (5120K), 5 survivors (5120K)
 Metaspace       used 64837K, committed 65600K, reserved 1114112K
  class space    used 9333K, committed 9664K, reserved 1048576K
}
Event: 24.746 GC heap before
{Heap before GC invocations=17 (full 0):
 garbage-first heap   total 78848K, used 67703K [0x00000000c1a00000, 0x0000000100000000)
  region size 1024K, 36 young (36864K), 5 survivors (5120K)
 Metaspace       used 66403K, committed 67072K, reserved 1114112K
  class space    used 9562K, committed 9856K, reserved 1048576K
}
Event: 24.763 GC heap after
{Heap after GC invocations=18 (full 0):
 garbage-first heap   total 78848K, used 38136K [0x00000000c1a00000, 0x0000000100000000)
  region size 1024K, 3 young (3072K), 3 survivors (3072K)
 Metaspace       used 66403K, committed 67072K, reserved 1114112K
  class space    used 9562K, committed 9856K, reserved 1048576K
}
Event: 25.989 GC heap before
{Heap before GC invocations=18 (full 0):
 garbage-first heap   total 78848K, used 69880K [0x00000000c1a00000, 0x0000000100000000)
  region size 1024K, 34 young (34816K), 3 survivors (3072K)
 Metaspace       used 67790K, committed 68480K, reserved 1114112K
  class space    used 9794K, committed 10112K, reserved 1048576K
}
Event: 26.002 GC heap after
{Heap after GC invocations=19 (full 0):
 garbage-first heap   total 78848K, used 40139K [0x00000000c1a00000, 0x0000000100000000)
  region size 1024K, 5 young (5120K), 5 survivors (5120K)
 Metaspace       used 67790K, committed 68480K, reserved 1114112K
  class space    used 9794K, committed 10112K, reserved 1048576K
}
Event: 27.776 GC heap before
{Heap before GC invocations=20 (full 0):
 garbage-first heap   total 78848K, used 67787K [0x00000000c1a00000, 0x0000000100000000)
  region size 1024K, 32 young (32768K), 5 survivors (5120K)
 Metaspace       used 70412K, committed 71168K, reserved 1114112K
  class space    used 10156K, committed 10496K, reserved 1048576K
}
Event: 27.794 GC heap after
{Heap after GC invocations=21 (full 0):
 garbage-first heap   total 78848K, used 42083K [0x00000000c1a00000, 0x0000000100000000)
  region size 1024K, 4 young (4096K), 4 survivors (4096K)
 Metaspace       used 70412K, committed 71168K, reserved 1114112K
  class space    used 10156K, committed 10496K, reserved 1048576K
}
Event: 29.406 GC heap before
{Heap before GC invocations=21 (full 0):
 garbage-first heap   total 78848K, used 68707K [0x00000000c1a00000, 0x0000000100000000)
  region size 1024K, 30 young (30720K), 4 survivors (4096K)
 Metaspace       used 73074K, committed 73856K, reserved 1114112K
  class space    used 10474K, committed 10816K, reserved 1048576K
}
Event: 29.435 GC heap after
{Heap after GC invocations=22 (full 0):
 garbage-first heap   total 78848K, used 45204K [0x00000000c1a00000, 0x0000000100000000)
  region size 1024K, 4 young (4096K), 4 survivors (4096K)
 Metaspace       used 73074K, committed 73856K, reserved 1114112K
  class space    used 10474K, committed 10816K, reserved 1048576K
}
Event: 30.501 GC heap before
{Heap before GC invocations=22 (full 0):
 garbage-first heap   total 78848K, used 68756K [0x00000000c1a00000, 0x0000000100000000)
  region size 1024K, 27 young (27648K), 4 survivors (4096K)
 Metaspace       used 75257K, committed 76160K, reserved 1179648K
  class space    used 10829K, committed 11264K, reserved 1048576K
}
Event: 30.514 GC heap after
{Heap after GC invocations=23 (full 0):
 garbage-first heap   total 78848K, used 46348K [0x00000000c1a00000, 0x0000000100000000)
  region size 1024K, 2 young (2048K), 2 survivors (2048K)
 Metaspace       used 75257K, committed 76160K, reserved 1179648K
  class space    used 10829K, committed 11264K, reserved 1048576K
}

